<?xml version="1.0" encoding="UTF-8"?>
<!-- Generated by org.testng.reporters.JUnitXMLReporter -->
<testsuite hostname="ip-172-31-27-255" ignored="0" name="Test" tests="3" failures="0" timestamp="23 Sep 2022 16:15:40 GMT" time="15.271" errors="0">
  <testcase name="Test1" time="3.577" classname="testcases.SimplilearnLoginTest"/>
  <testcase name="Test2" time="3.409" classname="testcases.SimplilearnLoginTest"/>
  <testcase name="Test3" time="2.241" classname="testcases.SimplilearnLoginTest"/>
</testsuite> <!-- Test -->
