<?xml version="1.0" encoding="UTF-8"?>
<!-- Generated by org.testng.reporters.JUnitXMLReporter -->
<testsuite hostname="ip-172-31-27-255" ignored="2" name="Test" tests="4" failures="0" timestamp="2022-09-11T05:28:21 UTC" time="15.56" errors="0">
  <testcase name="Test1" time="3.726" classname="testcases.SimplilearnLoginTest"/>
  <testcase name="Test2" time="2.308" classname="testcases.SimplilearnLoginTest"/>
  <testcase name="Test3" time="1.985" classname="testcases.SimplilearnLoginTest"/>
  <testcase name="Test1" time="0.001" classname="testcases.HomeTest"/>
  <testcase name="@AfterTest DataClean" time="0.0" classname="testcases.BaseClass">
    <ignored/>
  </testcase> <!-- @AfterTest DataClean -->
  <testcase name="@BeforeTest DataSetUp" time="0.0" classname="testcases.BaseClass">
    <ignored/>
  </testcase> <!-- @BeforeTest DataSetUp -->
</testsuite> <!-- Test -->
