<?xml version="1.0" encoding="UTF-8"?>
<!-- Generated by org.testng.reporters.JUnitXMLReporter -->
<testsuite hostname="ip-172-31-27-255" ignored="0" name="Test" tests="3" failures="0" timestamp="23 Sep 2022 16:16:24 GMT" time="13.58" errors="0">
  <testcase name="Test1" time="2.527" classname="testcases.SimplilearnLoginTest"/>
  <testcase name="Test2" time="3.211" classname="testcases.SimplilearnLoginTest"/>
  <testcase name="Test3" time="2.445" classname="testcases.SimplilearnLoginTest"/>
</testsuite> <!-- Test -->
