<?xml version="1.0" encoding="UTF-8"?>
<!-- Generated by org.testng.reporters.JUnitXMLReporter -->
<testsuite hostname="ip-172-31-27-255" ignored="0" name="Test" tests="3" failures="0" timestamp="2022-09-10T07:03:27 UTC" time="11.806" errors="0">
  <testcase name="Test1" time="0.002" classname="testcases.HomeTest"/>
  <testcase name="Test1" time="3.737" classname="testcases.SimplilearnLoginTest"/>
  <testcase name="Test2" time="2.803" classname="testcases.SimplilearnLoginTest"/>
</testsuite> <!-- Test -->
