<?xml version="1.0" encoding="UTF-8"?>
<testng-results skipped="0" failed="0" ignored="0" total="3" passed="3">
  <reporter-output>
  </reporter-output>
  <suite name="Suite" duration-ms="11806" started-at="2022-09-10T07:03:15 UTC" finished-at="2022-09-10T07:03:27 UTC">
    <groups>
    </groups>
    <test name="Test" duration-ms="11806" started-at="2022-09-10T07:03:15 UTC" finished-at="2022-09-10T07:03:27 UTC">
      <class name="testcases.HomeTest">
        <test-method status="PASS" signature="SetUp()[pri:0, instance:testcases.HomeTest@22a67b4]" name="SetUp" is-config="true" duration-ms="1867" started-at="2022-09-10T07:03:15 UTC" finished-at="2022-09-10T07:03:17 UTC">
          <reporter-output>
          </reporter-output>
        </test-method> <!-- SetUp -->
        <test-method status="PASS" signature="Test1()[pri:0, instance:testcases.HomeTest@22a67b4]" name="Test1" duration-ms="2" started-at="2022-09-10T07:03:17 UTC" finished-at="2022-09-10T07:03:17 UTC">
          <reporter-output>
          </reporter-output>
        </test-method> <!-- Test1 -->
        <test-method status="PASS" signature="TearDown()[pri:0, instance:testcases.HomeTest@22a67b4]" name="TearDown" is-config="true" duration-ms="172" started-at="2022-09-10T07:03:17 UTC" finished-at="2022-09-10T07:03:17 UTC">
          <reporter-output>
          </reporter-output>
        </test-method> <!-- TearDown -->
      </class> <!-- testcases.HomeTest -->
      <class name="testcases.SimplilearnLoginTest">
        <test-method status="PASS" signature="SetUp()[pri:0, instance:testcases.SimplilearnLoginTest@167fdd33]" name="SetUp" is-config="true" duration-ms="1460" started-at="2022-09-10T07:03:17 UTC" finished-at="2022-09-10T07:03:18 UTC">
          <reporter-output>
          </reporter-output>
        </test-method> <!-- SetUp -->
        <test-method status="PASS" signature="Test1()[pri:0, instance:testcases.SimplilearnLoginTest@167fdd33]" name="Test1" duration-ms="3737" started-at="2022-09-10T07:03:18 UTC" finished-at="2022-09-10T07:03:22 UTC">
          <reporter-output>
          </reporter-output>
        </test-method> <!-- Test1 -->
        <test-method status="PASS" signature="TearDown()[pri:0, instance:testcases.SimplilearnLoginTest@167fdd33]" name="TearDown" is-config="true" duration-ms="117" started-at="2022-09-10T07:03:22 UTC" finished-at="2022-09-10T07:03:22 UTC">
          <reporter-output>
          </reporter-output>
        </test-method> <!-- TearDown -->
        <test-method status="PASS" signature="SetUp()[pri:0, instance:testcases.SimplilearnLoginTest@167fdd33]" name="SetUp" is-config="true" duration-ms="1501" started-at="2022-09-10T07:03:22 UTC" finished-at="2022-09-10T07:03:24 UTC">
          <reporter-output>
          </reporter-output>
        </test-method> <!-- SetUp -->
        <test-method status="PASS" signature="Test2()[pri:0, instance:testcases.SimplilearnLoginTest@167fdd33]" name="Test2" duration-ms="2803" started-at="2022-09-10T07:03:24 UTC" finished-at="2022-09-10T07:03:27 UTC">
          <reporter-output>
          </reporter-output>
        </test-method> <!-- Test2 -->
        <test-method status="PASS" signature="TearDown()[pri:0, instance:testcases.SimplilearnLoginTest@167fdd33]" name="TearDown" is-config="true" duration-ms="108" started-at="2022-09-10T07:03:27 UTC" finished-at="2022-09-10T07:03:27 UTC">
          <reporter-output>
          </reporter-output>
        </test-method> <!-- TearDown -->
      </class> <!-- testcases.SimplilearnLoginTest -->
    </test> <!-- Test -->
  </suite> <!-- Suite -->
</testng-results>
