<?xml version="1.0" encoding="UTF-8"?>
<testng-results skipped="0" failed="0" ignored="0" total="3" passed="3">
  <reporter-output>
  </reporter-output>
  <suite name="Suite" duration-ms="13580" started-at="2022-09-23T16:16:10Z" finished-at="2022-09-23T16:16:24Z">
    <groups>
    </groups>
    <test name="Test" duration-ms="13580" started-at="2022-09-23T16:16:10Z" finished-at="2022-09-23T16:16:24Z">
      <class name="testcases.SimplilearnLoginTest">
        <test-method status="PASS" signature="DataSetUp()[pri:0, instance:testcases.SimplilearnLoginTest@2a742aa2]" name="DataSetUp" is-config="true" duration-ms="519" started-at="2022-09-23T16:16:10Z" finished-at="2022-09-23T16:16:11Z">
          <reporter-output>
          </reporter-output>
        </test-method> <!-- DataSetUp -->
        <test-method status="PASS" signature="SetUp(java.lang.reflect.Method)[pri:0, instance:testcases.SimplilearnLoginTest@2a742aa2]" name="SetUp" is-config="true" duration-ms="1552" started-at="2022-09-23T16:16:11Z" finished-at="2022-09-23T16:16:12Z">
          <params>
            <param index="0">
              <value>
                <![CDATA[public void testcases.SimplilearnLoginTest.Test1()]]>
              </value>
            </param>
          </params>
          <reporter-output>
          </reporter-output>
        </test-method> <!-- SetUp -->
        <test-method status="PASS" signature="Test1()[pri:0, instance:testcases.SimplilearnLoginTest@2a742aa2]" name="Test1" duration-ms="2527" started-at="2022-09-23T16:16:12Z" finished-at="2022-09-23T16:16:15Z">
          <reporter-output>
          </reporter-output>
        </test-method> <!-- Test1 -->
        <test-method status="PASS" signature="TearDown()[pri:0, instance:testcases.SimplilearnLoginTest@2a742aa2]" name="TearDown" is-config="true" duration-ms="131" started-at="2022-09-23T16:16:15Z" finished-at="2022-09-23T16:16:15Z">
          <reporter-output>
          </reporter-output>
        </test-method> <!-- TearDown -->
        <test-method status="PASS" signature="SetUp(java.lang.reflect.Method)[pri:0, instance:testcases.SimplilearnLoginTest@2a742aa2]" name="SetUp" is-config="true" duration-ms="1344" started-at="2022-09-23T16:16:15Z" finished-at="2022-09-23T16:16:16Z">
          <params>
            <param index="0">
              <value>
                <![CDATA[public void testcases.SimplilearnLoginTest.Test2(java.lang.String,java.lang.String)]]>
              </value>
            </param>
          </params>
          <reporter-output>
          </reporter-output>
        </test-method> <!-- SetUp -->
        <test-method status="PASS" signature="Test2(java.lang.String, java.lang.String)[pri:0, instance:testcases.SimplilearnLoginTest@2a742aa2]" name="Test2" duration-ms="3211" started-at="2022-09-23T16:16:16Z" finished-at="2022-09-23T16:16:19Z">
          <params>
            <param index="0">
              <value>
                <![CDATA[abc@xyz.com]]>
              </value>
            </param>
            <param index="1">
              <value>
                <![CDATA[Abc@1234]]>
              </value>
            </param>
          </params>
          <reporter-output>
          </reporter-output>
        </test-method> <!-- Test2 -->
        <test-method status="PASS" signature="TearDown()[pri:0, instance:testcases.SimplilearnLoginTest@2a742aa2]" name="TearDown" is-config="true" duration-ms="111" started-at="2022-09-23T16:16:19Z" finished-at="2022-09-23T16:16:19Z">
          <reporter-output>
          </reporter-output>
        </test-method> <!-- TearDown -->
        <test-method status="PASS" signature="SetUp(java.lang.reflect.Method)[pri:0, instance:testcases.SimplilearnLoginTest@2a742aa2]" name="SetUp" is-config="true" duration-ms="1344" started-at="2022-09-23T16:16:19Z" finished-at="2022-09-23T16:16:21Z">
          <params>
            <param index="0">
              <value>
                <![CDATA[public void testcases.SimplilearnLoginTest.Test3()]]>
              </value>
            </param>
          </params>
          <reporter-output>
          </reporter-output>
        </test-method> <!-- SetUp -->
        <test-method status="PASS" signature="Test3()[pri:0, instance:testcases.SimplilearnLoginTest@2a742aa2]" name="Test3" duration-ms="2445" started-at="2022-09-23T16:16:21Z" finished-at="2022-09-23T16:16:23Z">
          <reporter-output>
          </reporter-output>
        </test-method> <!-- Test3 -->
        <test-method status="PASS" signature="TearDown()[pri:0, instance:testcases.SimplilearnLoginTest@2a742aa2]" name="TearDown" is-config="true" duration-ms="161" started-at="2022-09-23T16:16:23Z" finished-at="2022-09-23T16:16:23Z">
          <reporter-output>
          </reporter-output>
        </test-method> <!-- TearDown -->
        <test-method status="PASS" signature="DataClean()[pri:0, instance:testcases.SimplilearnLoginTest@2a742aa2]" name="DataClean" is-config="true" duration-ms="223" started-at="2022-09-23T16:16:23Z" finished-at="2022-09-23T16:16:24Z">
          <reporter-output>
          </reporter-output>
        </test-method> <!-- DataClean -->
      </class> <!-- testcases.SimplilearnLoginTest -->
    </test> <!-- Test -->
  </suite> <!-- Suite -->
</testng-results>
