<?xml version="1.0" encoding="UTF-8"?>
<testng-results skipped="0" failed="0" ignored="0" total="3" passed="3">
  <reporter-output>
  </reporter-output>
  <suite name="Suite" duration-ms="15271" started-at="2022-09-23T16:15:25Z" finished-at="2022-09-23T16:15:40Z">
    <groups>
    </groups>
    <test name="Test" duration-ms="15271" started-at="2022-09-23T16:15:25Z" finished-at="2022-09-23T16:15:40Z">
      <class name="testcases.SimplilearnLoginTest">
        <test-method status="PASS" signature="DataSetUp()[pri:0, instance:testcases.SimplilearnLoginTest@4e718207]" name="DataSetUp" is-config="true" duration-ms="528" started-at="2022-09-23T16:15:25Z" finished-at="2022-09-23T16:15:25Z">
          <reporter-output>
          </reporter-output>
        </test-method> <!-- DataSetUp -->
        <test-method status="PASS" signature="SetUp(java.lang.reflect.Method)[pri:0, instance:testcases.SimplilearnLoginTest@4e718207]" name="SetUp" is-config="true" duration-ms="1739" started-at="2022-09-23T16:15:25Z" finished-at="2022-09-23T16:15:27Z">
          <params>
            <param index="0">
              <value>
                <![CDATA[public void testcases.SimplilearnLoginTest.Test1()]]>
              </value>
            </param>
          </params>
          <reporter-output>
          </reporter-output>
        </test-method> <!-- SetUp -->
        <test-method status="PASS" signature="Test1()[pri:0, instance:testcases.SimplilearnLoginTest@4e718207]" name="Test1" duration-ms="3577" started-at="2022-09-23T16:15:27Z" finished-at="2022-09-23T16:15:31Z">
          <reporter-output>
          </reporter-output>
        </test-method> <!-- Test1 -->
        <test-method status="PASS" signature="TearDown()[pri:0, instance:testcases.SimplilearnLoginTest@4e718207]" name="TearDown" is-config="true" duration-ms="122" started-at="2022-09-23T16:15:31Z" finished-at="2022-09-23T16:15:31Z">
          <reporter-output>
          </reporter-output>
        </test-method> <!-- TearDown -->
        <test-method status="PASS" signature="SetUp(java.lang.reflect.Method)[pri:0, instance:testcases.SimplilearnLoginTest@4e718207]" name="SetUp" is-config="true" duration-ms="1452" started-at="2022-09-23T16:15:31Z" finished-at="2022-09-23T16:15:32Z">
          <params>
            <param index="0">
              <value>
                <![CDATA[public void testcases.SimplilearnLoginTest.Test2(java.lang.String,java.lang.String)]]>
              </value>
            </param>
          </params>
          <reporter-output>
          </reporter-output>
        </test-method> <!-- SetUp -->
        <test-method status="PASS" signature="Test2(java.lang.String, java.lang.String)[pri:0, instance:testcases.SimplilearnLoginTest@4e718207]" name="Test2" duration-ms="3409" started-at="2022-09-23T16:15:32Z" finished-at="2022-09-23T16:15:36Z">
          <params>
            <param index="0">
              <value>
                <![CDATA[abc@xyz.com]]>
              </value>
            </param>
            <param index="1">
              <value>
                <![CDATA[Abc@1234]]>
              </value>
            </param>
          </params>
          <reporter-output>
          </reporter-output>
        </test-method> <!-- Test2 -->
        <test-method status="PASS" signature="TearDown()[pri:0, instance:testcases.SimplilearnLoginTest@4e718207]" name="TearDown" is-config="true" duration-ms="150" started-at="2022-09-23T16:15:36Z" finished-at="2022-09-23T16:15:36Z">
          <reporter-output>
          </reporter-output>
        </test-method> <!-- TearDown -->
        <test-method status="PASS" signature="SetUp(java.lang.reflect.Method)[pri:0, instance:testcases.SimplilearnLoginTest@4e718207]" name="SetUp" is-config="true" duration-ms="1645" started-at="2022-09-23T16:15:36Z" finished-at="2022-09-23T16:15:38Z">
          <params>
            <param index="0">
              <value>
                <![CDATA[public void testcases.SimplilearnLoginTest.Test3()]]>
              </value>
            </param>
          </params>
          <reporter-output>
          </reporter-output>
        </test-method> <!-- SetUp -->
        <test-method status="PASS" signature="Test3()[pri:0, instance:testcases.SimplilearnLoginTest@4e718207]" name="Test3" duration-ms="2241" started-at="2022-09-23T16:15:38Z" finished-at="2022-09-23T16:15:40Z">
          <reporter-output>
          </reporter-output>
        </test-method> <!-- Test3 -->
        <test-method status="PASS" signature="TearDown()[pri:0, instance:testcases.SimplilearnLoginTest@4e718207]" name="TearDown" is-config="true" duration-ms="141" started-at="2022-09-23T16:15:40Z" finished-at="2022-09-23T16:15:40Z">
          <reporter-output>
          </reporter-output>
        </test-method> <!-- TearDown -->
        <test-method status="PASS" signature="DataClean()[pri:0, instance:testcases.SimplilearnLoginTest@4e718207]" name="DataClean" is-config="true" duration-ms="240" started-at="2022-09-23T16:15:40Z" finished-at="2022-09-23T16:15:40Z">
          <reporter-output>
          </reporter-output>
        </test-method> <!-- DataClean -->
      </class> <!-- testcases.SimplilearnLoginTest -->
    </test> <!-- Test -->
  </suite> <!-- Suite -->
</testng-results>
